[INFO] Scanning for projects...
[INFO] ------------------------------------------------------------------------
[INFO] Reactor Build Order:
[INFO] 
[INFO] shop-parent                                                        [pom]
[INFO] discovery                                                          [jar]
[INFO] api-gateway                                                        [jar]
[INFO] auth-service                                                       [jar]
[INFO] catalog-service                                                    [jar]
[INFO] cart-service                                                       [jar]
[INFO] order-service                                                      [jar]
[INFO] payment-service                                                    [jar]
[INFO] inventory-service                                                  [jar]
[INFO] 
[INFO] ------------------------< com.shop:shop-parent >------------------------
[INFO] Building shop-parent 1.0.0                                         [1/9]
[INFO]   from pom.xml
[INFO] --------------------------------[ pom ]---------------------------------
[INFO] 
[INFO] --- clean:3.2.0:clean (default-clean) @ shop-parent ---
[INFO] 
[INFO] -------------------------< com.shop:discovery >-------------------------
[INFO] Building discovery 1.0.0                                           [2/9]
[INFO]   from services/discovery/pom.xml
[INFO] --------------------------------[ jar ]---------------------------------
[INFO] 
[INFO] --- clean:3.2.0:clean (default-clean) @ discovery ---
[INFO] Deleting /work/services/discovery/target
[INFO] 
[INFO] --- resources:3.3.1:resources (default-resources) @ discovery ---
[INFO] Copying 1 resource from src/main/resources to target/classes
[INFO] 
[INFO] --- compiler:3.11.0:compile (default-compile) @ discovery ---
[INFO] Changes detected - recompiling the module! :dependency
[INFO] Compiling 1 source file with javac [debug release 17] to target/classes
[INFO] 
[INFO] --- resources:3.3.1:testResources (default-testResources) @ discovery ---
[INFO] skip non existing resourceDirectory /work/services/discovery/src/test/resources
[INFO] 
[INFO] --- compiler:3.11.0:testCompile (default-testCompile) @ discovery ---
[INFO] No sources to compile
[INFO] 
[INFO] --- surefire:3.1.2:test (default-test) @ discovery ---
[INFO] Tests are skipped.
[INFO] 
[INFO] --- jar:3.3.0:jar (default-jar) @ discovery ---
[INFO] Building jar: /work/services/discovery/target/discovery-1.0.0.jar
[INFO] 
[INFO] ------------------------< com.shop:api-gateway >------------------------
[INFO] Building api-gateway 1.0.0                                         [3/9]
[INFO]   from services/api-gateway/pom.xml
[INFO] --------------------------------[ jar ]---------------------------------
[INFO] 
[INFO] --- clean:3.2.0:clean (default-clean) @ api-gateway ---
[INFO] Deleting /work/services/api-gateway/target
[INFO] 
[INFO] --- resources:3.3.1:resources (default-resources) @ api-gateway ---
[INFO] Copying 1 resource from src/main/resources to target/classes
[INFO] 
[INFO] --- compiler:3.11.0:compile (default-compile) @ api-gateway ---
[INFO] Changes detected - recompiling the module! :dependency
[INFO] 
[INFO] --- resources:3.3.1:testResources (default-testResources) @ api-gateway ---
[INFO] skip non existing resourceDirectory /work/services/api-gateway/src/test/resources
[INFO] 
[INFO] --- compiler:3.11.0:testCompile (default-testCompile) @ api-gateway ---
[INFO] No sources to compile
[INFO] 
[INFO] --- surefire:3.1.2:test (default-test) @ api-gateway ---
[INFO] Tests are skipped.
[INFO] 
[INFO] --- jar:3.3.0:jar (default-jar) @ api-gateway ---
[INFO] Building jar: /work/services/api-gateway/target/api-gateway-1.0.0.jar
[INFO] 
[INFO] -----------------------< com.shop:auth-service >------------------------
[INFO] Building auth-service 1.0.0                                        [4/9]
[INFO]   from services/auth-service/pom.xml
[INFO] --------------------------------[ jar ]---------------------------------
[INFO] 
[INFO] --- clean:3.2.0:clean (default-clean) @ auth-service ---
[INFO] Deleting /work/services/auth-service/target
[INFO] 
[INFO] --- resources:3.3.1:resources (default-resources) @ auth-service ---
[INFO] Copying 2 resources from src/main/resources to target/classes
[INFO] 
[INFO] --- compiler:3.11.0:compile (default-compile) @ auth-service ---
[INFO] Changes detected - recompiling the module! :dependency
[INFO] 
[INFO] --- resources:3.3.1:testResources (default-testResources) @ auth-service ---
[INFO] skip non existing resourceDirectory /work/services/auth-service/src/test/resources
[INFO] 
[INFO] --- compiler:3.11.0:testCompile (default-testCompile) @ auth-service ---
[INFO] No sources to compile
[INFO] 
[INFO] --- surefire:3.1.2:test (default-test) @ auth-service ---
[INFO] Tests are skipped.
[INFO] 
[INFO] --- jar:3.3.0:jar (default-jar) @ auth-service ---
[INFO] Building jar: /work/services/auth-service/target/auth-service-1.0.0.jar
[INFO] 
[INFO] ----------------------< com.shop:catalog-service >----------------------
[INFO] Building catalog-service 1.0.0                                     [5/9]
[INFO]   from services/catalog-service/pom.xml
[INFO] --------------------------------[ jar ]---------------------------------
[INFO] 
[INFO] --- clean:3.2.0:clean (default-clean) @ catalog-service ---
[INFO] Deleting /work/services/catalog-service/target
[INFO] 
[INFO] --- resources:3.3.1:resources (default-resources) @ catalog-service ---
[INFO] Copying 2 resources from src/main/resources to target/classes
[INFO] 
[INFO] --- compiler:3.11.0:compile (default-compile) @ catalog-service ---
[INFO] Changes detected - recompiling the module! :dependency
[INFO] 
[INFO] --- resources:3.3.1:testResources (default-testResources) @ catalog-service ---
[INFO] skip non existing resourceDirectory /work/services/catalog-service/src/test/resources
[INFO] 
[INFO] --- compiler:3.11.0:testCompile (default-testCompile) @ catalog-service ---
[INFO] No sources to compile
[INFO] 
[INFO] --- surefire:3.1.2:test (default-test) @ catalog-service ---
[INFO] Tests are skipped.
[INFO] 
[INFO] --- jar:3.3.0:jar (default-jar) @ catalog-service ---
[INFO] Building jar: /work/services/catalog-service/target/catalog-service-1.0.0.jar
[INFO] 
[INFO] -----------------------< com.shop:cart-service >------------------------
[INFO] Building cart-service 1.0.0                                        [6/9]
[INFO]   from services/cart-service/pom.xml
[INFO] --------------------------------[ jar ]---------------------------------
[INFO] 
[INFO] --- clean:3.2.0:clean (default-clean) @ cart-service ---
[INFO] Deleting /work/services/cart-service/target
[INFO] 
[INFO] --- resources:3.3.1:resources (default-resources) @ cart-service ---
[INFO] Copying 0 resource from src/main/resources to target/classes
[INFO] 
[INFO] --- compiler:3.11.0:compile (default-compile) @ cart-service ---
[INFO] Changes detected - recompiling the module! :dependency
[INFO] 
[INFO] --- resources:3.3.1:testResources (default-testResources) @ cart-service ---
[INFO] skip non existing resourceDirectory /work/services/cart-service/src/test/resources
[INFO] 
[INFO] --- compiler:3.11.0:testCompile (default-testCompile) @ cart-service ---
[INFO] No sources to compile
[INFO] 
[INFO] --- surefire:3.1.2:test (default-test) @ cart-service ---
[INFO] Tests are skipped.
[INFO] 
[INFO] --- jar:3.3.0:jar (default-jar) @ cart-service ---
[INFO] Building jar: /work/services/cart-service/target/cart-service-1.0.0.jar
[INFO] 
[INFO] -----------------------< com.shop:order-service >-----------------------
[INFO] Building order-service 1.0.0                                       [7/9]
[INFO]   from services/order-service/pom.xml
[INFO] --------------------------------[ jar ]---------------------------------
[INFO] 
[INFO] --- clean:3.2.0:clean (default-clean) @ order-service ---
[INFO] Deleting /work/services/order-service/target
[INFO] 
[INFO] --- resources:3.3.1:resources (default-resources) @ order-service ---
[INFO] Copying 0 resource from src/main/resources to target/classes
[INFO] 
[INFO] --- compiler:3.11.0:compile (default-compile) @ order-service ---
[INFO] Changes detected - recompiling the module! :dependency
[INFO] 
[INFO] --- resources:3.3.1:testResources (default-testResources) @ order-service ---
[INFO] skip non existing resourceDirectory /work/services/order-service/src/test/resources
[INFO] 
[INFO] --- compiler:3.11.0:testCompile (default-testCompile) @ order-service ---
[INFO] No sources to compile
[INFO] 
[INFO] --- surefire:3.1.2:test (default-test) @ order-service ---
[INFO] Tests are skipped.
[INFO] 
[INFO] --- jar:3.3.0:jar (default-jar) @ order-service ---
[INFO] Building jar: /work/services/order-service/target/order-service-1.0.0.jar
[INFO] 
[INFO] ----------------------< com.shop:payment-service >----------------------
[INFO] Building payment-service 1.0.0                                     [8/9]
[INFO]   from services/payment-service/pom.xml
[INFO] --------------------------------[ jar ]---------------------------------
[INFO] 
[INFO] --- clean:3.2.0:clean (default-clean) @ payment-service ---
[INFO] Deleting /work/services/payment-service/target
[INFO] 
[INFO] --- resources:3.3.1:resources (default-resources) @ payment-service ---
[INFO] Copying 0 resource from src/main/resources to target/classes
[INFO] 
[INFO] --- compiler:3.11.0:compile (default-compile) @ payment-service ---
[INFO] Changes detected - recompiling the module! :dependency
[INFO] 
[INFO] --- resources:3.3.1:testResources (default-testResources) @ payment-service ---
[INFO] skip non existing resourceDirectory /work/services/payment-service/src/test/resources
[INFO] 
[INFO] --- compiler:3.11.0:testCompile (default-testCompile) @ payment-service ---
[INFO] No sources to compile
[INFO] 
[INFO] --- surefire:3.1.2:test (default-test) @ payment-service ---
[INFO] Tests are skipped.
[INFO] 
[INFO] --- jar:3.3.0:jar (default-jar) @ payment-service ---
[INFO] Building jar: /work/services/payment-service/target/payment-service-1.0.0.jar
[INFO] 
[INFO] ---------------------< com.shop:inventory-service >---------------------
[INFO] Building inventory-service 1.0.0                                   [9/9]
[INFO]   from services/inventory-service/pom.xml
[INFO] --------------------------------[ jar ]---------------------------------
[INFO] 
[INFO] --- clean:3.2.0:clean (default-clean) @ inventory-service ---
[INFO] Deleting /work/services/inventory-service/target
[INFO] 
[INFO] --- resources:3.3.1:resources (default-resources) @ inventory-service ---
[INFO] Copying 0 resource from src/main/resources to target/classes
[INFO] 
[INFO] --- compiler:3.11.0:compile (default-compile) @ inventory-service ---
[INFO] Changes detected - recompiling the module! :dependency
[INFO] 
[INFO] --- resources:3.3.1:testResources (default-testResources) @ inventory-service ---
[INFO] skip non existing resourceDirectory /work/services/inventory-service/src/test/resources
[INFO] 
[INFO] --- compiler:3.11.0:testCompile (default-testCompile) @ inventory-service ---
[INFO] No sources to compile
[INFO] 
[INFO] --- surefire:3.1.2:test (default-test) @ inventory-service ---
[INFO] Tests are skipped.
[INFO] 
[INFO] --- jar:3.3.0:jar (default-jar) @ inventory-service ---
[INFO] Building jar: /work/services/inventory-service/target/inventory-service-1.0.0.jar
[INFO] ------------------------------------------------------------------------
[INFO] Reactor Summary for shop-parent 1.0.0:
[INFO] 
[INFO] shop-parent ........................................ SUCCESS [  8.059 s]
[INFO] discovery .......................................... SUCCESS [21:50 min]
[INFO] api-gateway ........................................ SUCCESS [03:47 min]
[INFO] auth-service ....................................... SUCCESS [02:37 min]
[INFO] catalog-service .................................... SUCCESS [ 27.621 s]
[INFO] cart-service ....................................... SUCCESS [  0.040 s]
[INFO] order-service ...................................... SUCCESS [  0.032 s]
[INFO] payment-service .................................... SUCCESS [  0.028 s]
[INFO] inventory-service .................................. SUCCESS [  0.034 s]
[INFO] ------------------------------------------------------------------------
[INFO] BUILD SUCCESS
[INFO] ------------------------------------------------------------------------
[INFO] Total time:  31:21 min
[INFO] Finished at: 2025-11-07T03:04:05Z
[INFO] ------------------------------------------------------------------------
sh: 1: docker: not found
